C51 COMPILER V6.02  UART                                                                   05/10/2016 15:25:29 PAGE 1   


C51 COMPILER V6.02, COMPILATION OF MODULE UART
OBJECT MODULE PLACED IN .\uart.OBJ
COMPILER INVOKED BY: C:\Keil\C51\BIN\C51.EXE .\uart.c DEBUG OBJECTEXTEND

stmt level    source

   1          /***********************************************************************
   2          MODULE:    UART
   3          VERSION:   1.04
   4          CONTAINS:  Routines for controlling the UART peripheral on the Philips
   5                     P89LPC932A1
   6          COPYRIGHT: Embedded Systems Academy, Inc. - www.esacademy.com
   7          LICENSE:   May be freely used in commercial and non-commercial code
   8                     without royalties provided this copyright notice remains
   9                     in this file and unaltered
  10          WARNING:   IF THIS FILE IS REGENERATED BY CODE ARCHITECT ANY CHANGES
  11                     MADE WILL BE LOST. WHERE POSSIBLE USE ONLY CODE ARCHITECT
  12                     TO CHANGE THE CONTENTS OF THIS FILE
  13          GENERATED: On "May 11 2011" at "18:32:24" by Code Architect 2.06
  14          ***********************************************************************/
  15          
  16          // SFR description needs to be included
  17          #include <reg932.h>
  18          #include "uart.h"
  19          
  20          // flag that indicates if the UART is busy transmitting or not
  21          static bit mtxbusy;
  22          
  23          /***********************************************************************
  24          DESC:    Initializes UART for mode 1
  25                   Baudrate: 9600
  26          RETURNS: Nothing
  27          CAUTION: If interrupts are being used then EA must be set to 1
  28                   after calling this function
  29          ************************************************************************/
  30          void uart_init
  31            (
  32            void
  33            )
  34          {
  35   1        // configure UART
  36   1        // clear SMOD0
  37   1        PCON &= ~0x40;
  38   1        SCON = 0x50;
  39   1        // set or clear SMOD1
  40   1        PCON &= 0x7F;
  41   1        PCON |= (0 << 8);
  42   1        SSTAT = 0x00;
  43   1      
  44   1        // enable break detect
  45   1        AUXR1 |= 0x40;
  46   1      
  47   1        // configure baud rate generator
  48   1        BRGCON = 0x00;
  49   1        BRGR0 = 0xF0;
  50   1        BRGR1 = 0x02;
  51   1        BRGCON = 0x03;
  52   1      
  53   1        // TxD = push-pull, RxD = input
  54   1        P1M1 &= ~0x01;
  55   1        P1M2 |= 0x01;
C51 COMPILER V6.02  UART                                                                   05/10/2016 15:25:29 PAGE 2   

  56   1        P1M1 |= 0x02;
  57   1        P1M2 &= ~0x02;
  58   1      
  59   1        // initially not busy
  60   1        mtxbusy = 0;
  61   1      
  62   1        // set isr priority to 0
  63   1        IP0 &= 0xEF;
  64   1        IP0H &= 0xEF;
  65   1        // enable uart interrupt
  66   1        ES = 1;
  67   1        EA = 1;
  68   1      
  69   1      } // uart_init
  70          
  71          /***********************************************************************
  72          DESC:    UART Interrupt Service Routine
  73          RETURNS: Nothing
  74          CAUTION: uart_init must be called first
  75                   EA must be set to 1
  76          ************************************************************************/
  77          void uart_isr(void) interrupt 4 using 1
  78          {
  79   1        if (RI)
  80   1        {
  81   2          // clear interrupt flag
  82   2          RI = 0;
  83   2        } // if
  84   1      
  85   1        if (TI)
  86   1        {
  87   2          // clear interrupt flag
  88   2          TI = 0;
  89   2          // no longer busy
  90   2          mtxbusy = 0;
  91   2        } // if
  92   1      
  93   1      } // uart_isr
  94          
  95          /***********************************************************************
  96          DESC:    Transmits a 8-bit value via the UART in the current mode
  97                   May result in a transmit interrupt if enabled.
  98          RETURNS: Nothing
  99          CAUTION: uart_init must be called first
 100          ************************************************************************/
 101          void uart_transmit(char c)
 102          {
 103   1        while(mtxbusy);
 104   1        mtxbusy = 1;
 105   1        SBUF = c;
 106   1      } // uart_transmit
 107          
 108          /***********************************************************************
 109          DESC:    Gets a received 8-bit value from the UART
 110          RETURNS: Received data
 111          CAUTION: uart_init must be called first
 112          ************************************************************************/
 113          unsigned char uart_get
 114            (
 115            void
 116            )
 117          {
C51 COMPILER V6.02  UART                                                                   05/10/2016 15:25:29 PAGE 3   

 118   1        return SBUF;
 119   1      } // uart_get


MODULE INFORMATION:   STATIC OVERLAYABLE
   CODE SIZE        =     75    ----
   CONSTANT SIZE    =   ----    ----
   XDATA SIZE       =   ----    ----
   PDATA SIZE       =   ----    ----
   DATA SIZE        =   ----    ----
   IDATA SIZE       =   ----    ----
   BIT SIZE         =      1    ----
END OF MODULE INFORMATION.


C51 COMPILATION COMPLETE.  0 WARNING(S),  0 ERROR(S)
